0 verbose cli /usr/local/bin/node /usr/local/bin/npm
1 info using npm@8.11.0
2 info using node@v16.16.0
3 timing npm:load:whichnode Completed in 0ms
4 timing config:load:defaults Completed in 4ms
5 timing config:load:file:/usr/local/lib/node_modules/npm/npmrc Completed in 1ms
6 timing config:load:builtin Completed in 1ms
7 timing config:load:cli Completed in 2ms
8 timing config:load:env Completed in 1ms
9 timing config:load:file:/Users/GMP/Rebecca/Authnode/.npmrc Completed in 0ms
10 timing config:load:project Completed in 12ms
11 timing config:load:file:/Users/GMP/.npmrc Completed in 0ms
12 timing config:load:user Completed in 0ms
13 timing config:load:file:/usr/local/etc/npmrc Completed in 0ms
14 timing config:load:global Completed in 0ms
15 timing config:load:validate Completed in 1ms
16 timing config:load:credentials Completed in 1ms
17 timing config:load:setEnvs Completed in 1ms
18 timing config:load Completed in 23ms
19 timing npm:load:configload Completed in 24ms
20 timing npm:load:mkdirpcache Completed in 2ms
21 timing npm:load:mkdirplogs Completed in 0ms
22 verbose title npm i bcryptjs
23 verbose argv "i" "bcryptjs"
24 timing npm:load:setTitle Completed in 20ms
25 timing config:load:flatten Completed in 4ms
26 timing npm:load:display Completed in 7ms
27 verbose logfile logs-max:10 dir:/Users/GMP/.npm/_logs
28 verbose logfile /Users/GMP/.npm/_logs/2023-07-28T10_03_36_997Z-debug-0.log
29 timing npm:load:logFile Completed in 7ms
30 timing npm:load:timers Completed in 0ms
31 timing npm:load:configScope Completed in 1ms
32 timing npm:load Completed in 61ms
33 timing arborist:ctor Completed in 1ms
34 silly logfile start cleaning logs, removing 1 files
35 silly logfile done cleaning log files
36 timing idealTree:init Completed in 177ms
37 timing idealTree:userRequests Completed in 3ms
38 silly idealTree buildDeps
39 silly fetch manifest bcryptjs@*
40 timing arborist:ctor Completed in 0ms
41 http fetch GET 200 https://registry.npmjs.org/bcryptjs 1933ms (cache miss)
42 silly placeDep ROOT bcryptjs@2.4.3 OK for: auth@1.0.0 want: *
43 timing idealTree:#root Completed in 1943ms
44 timing idealTree:node_modules/bcryptjs Completed in 0ms
45 timing idealTree:buildDeps Completed in 1946ms
46 timing idealTree:fixDepFlags Completed in 4ms
47 timing idealTree Completed in 2135ms
48 timing reify:loadTrees Completed in 2136ms
49 timing reify:diffTrees Completed in 10ms
50 silly reify moves {}
51 timing reify:retireShallow Completed in 2ms
52 timing reify:createSparse Completed in 2ms
53 timing reify:loadBundles Completed in 0ms
54 silly audit bulk request {
54 silly audit   '@mapbox/node-pre-gyp': [ '1.0.11' ],
54 silly audit   nopt: [ '5.0.0', '1.0.10' ],
54 silly audit   '@types/node': [ '20.4.5' ],
54 silly audit   '@types/webidl-conversions': [ '7.0.0' ],
54 silly audit   '@types/whatwg-url': [ '8.2.2' ],
54 silly audit   abbrev: [ '1.1.1' ],
54 silly audit   accepts: [ '1.3.8' ],
54 silly audit   'agent-base': [ '6.0.2' ],
54 silly audit   debug: [ '4.3.4', '2.6.9', '3.2.7' ],
54 silly audit   ms: [ '2.1.2', '2.1.3', '2.0.0' ],
54 silly audit   'ansi-regex': [ '5.0.1' ],
54 silly audit   anymatch: [ '3.1.3' ],
54 silly audit   aproba: [ '2.0.0' ],
54 silly audit   'are-we-there-yet': [ '2.0.0' ],
54 silly audit   'array-flatten': [ '1.1.1' ],
54 silly audit   'balanced-match': [ '1.0.2' ],
54 silly audit   bcrypt: [ '5.1.0' ],
54 silly audit   'binary-extensions': [ '2.2.0' ],
54 silly audit   'body-parser': [ '1.20.1' ],
54 silly audit   'brace-expansion': [ '1.1.11' ],
54 silly audit   braces: [ '3.0.2' ],
54 silly audit   bson: [ '5.4.0' ],
54 silly audit   bytes: [ '3.1.2' ],
54 silly audit   'call-bind': [ '1.0.2' ],
54 silly audit   chokidar: [ '3.5.3' ],
54 silly audit   chownr: [ '2.0.0' ],
54 silly audit   'color-support': [ '1.1.3' ],
54 silly audit   'concat-map': [ '0.0.1' ],
54 silly audit   'console-control-strings': [ '1.1.0' ],
54 silly audit   'content-disposition': [ '0.5.4' ],
54 silly audit   'content-type': [ '1.0.5' ],
54 silly audit   cookie: [ '0.5.0' ],
54 silly audit   'cookie-signature': [ '1.0.6' ],
54 silly audit   delegates: [ '1.0.0' ],
54 silly audit   depd: [ '2.0.0' ],
54 silly audit   destroy: [ '1.2.0' ],
54 silly audit   'detect-libc': [ '2.0.2' ],
54 silly audit   'ee-first': [ '1.1.1' ],
54 silly audit   'emoji-regex': [ '8.0.0' ],
54 silly audit   encodeurl: [ '1.0.2' ],
54 silly audit   'escape-html': [ '1.0.3' ],
54 silly audit   etag: [ '1.8.1' ],
54 silly audit   express: [ '4.18.2' ],
54 silly audit   'fill-range': [ '7.0.1' ],
54 silly audit   finalhandler: [ '1.2.0' ],
54 silly audit   forwarded: [ '0.2.0' ],
54 silly audit   fresh: [ '0.5.2' ],
54 silly audit   'fs-minipass': [ '2.1.0' ],
54 silly audit   minipass: [ '3.3.6', '5.0.0' ],
54 silly audit   'fs.realpath': [ '1.0.0' ],
54 silly audit   fsevents: [ '2.3.2' ],
54 silly audit   'function-bind': [ '1.1.1' ],
54 silly audit   gauge: [ '3.0.2' ],
54 silly audit   'get-intrinsic': [ '1.2.1' ],
54 silly audit   glob: [ '7.2.3' ],
54 silly audit   'glob-parent': [ '5.1.2' ],
54 silly audit   has: [ '1.0.3' ],
54 silly audit   'has-flag': [ '3.0.0' ],
54 silly audit   'has-proto': [ '1.0.1' ],
54 silly audit   'has-symbols': [ '1.0.3' ],
54 silly audit   'has-unicode': [ '2.0.1' ],
54 silly audit   'http-errors': [ '2.0.0' ],
54 silly audit   'https-proxy-agent': [ '5.0.1' ],
54 silly audit   'iconv-lite': [ '0.4.24' ],
54 silly audit   'ignore-by-default': [ '1.0.1' ],
54 silly audit   inflight: [ '1.0.6' ],
54 silly audit   inherits: [ '2.0.4' ],
54 silly audit   ip: [ '2.0.0' ],
54 silly audit   'ipaddr.js': [ '1.9.1' ],
54 silly audit   'is-binary-path': [ '2.1.0' ],
54 silly audit   'is-extglob': [ '2.1.1' ],
54 silly audit   'is-fullwidth-code-point': [ '3.0.0' ],
54 silly audit   'is-glob': [ '4.0.3' ],
54 silly audit   'is-number': [ '7.0.0' ],
54 silly audit   kareem: [ '2.5.1' ],
54 silly audit   'lru-cache': [ '6.0.0' ],
54 silly audit   'make-dir': [ '3.1.0' ],
54 silly audit   semver: [ '6.3.1', '7.5.4' ],
54 silly audit   'media-typer': [ '0.3.0' ],
54 silly audit   'memory-pager': [ '1.5.0' ],
54 silly audit   'merge-descriptors': [ '1.0.1' ],
54 silly audit   methods: [ '1.1.2' ],
54 silly audit   mime: [ '1.6.0' ],
54 silly audit   'mime-db': [ '1.52.0' ],
54 silly audit   'mime-types': [ '2.1.35' ],
54 silly audit   minimatch: [ '3.1.2' ],
54 silly audit   minizlib: [ '2.1.2' ],
54 silly audit   mkdirp: [ '1.0.4' ],
54 silly audit   mongodb: [ '5.7.0' ],
54 silly audit   'mongodb-connection-string-url': [ '2.6.0' ],
54 silly audit   mongoose: [ '7.4.1' ],
54 silly audit   mpath: [ '0.9.0' ],
54 silly audit   mquery: [ '5.0.0' ],
54 silly audit   negotiator: [ '0.6.3' ],
54 silly audit   'node-addon-api': [ '5.1.0' ],
54 silly audit   'node-fetch': [ '2.6.12' ],
54 silly audit   tr46: [ '0.0.3', '3.0.0' ],
54 silly audit   'webidl-conversions': [ '3.0.1', '7.0.0' ],
54 silly audit   'whatwg-url': [ '5.0.0', '11.0.0' ],
54 silly audit   nodemon: [ '3.0.1' ],
54 silly audit   'normalize-path': [ '3.0.0' ],
54 silly audit   npmlog: [ '5.0.1' ],
54 silly audit   'object-assign': [ '4.1.1' ],
54 silly audit   'object-inspect': [ '1.12.3' ],
54 silly audit   'on-finished': [ '2.4.1' ],
54 silly audit   once: [ '1.4.0' ],
54 silly audit   parseurl: [ '1.3.3' ],
54 silly audit   'path-is-absolute': [ '1.0.1' ],
54 silly audit   'path-to-regexp': [ '0.1.7' ],
54 silly audit   picomatch: [ '2.3.1' ],
54 silly audit   'proxy-addr': [ '2.0.7' ],
54 silly audit   'pstree.remy': [ '1.1.8' ],
54 silly audit   punycode: [ '2.3.0' ],
54 silly audit   qs: [ '6.11.0' ],
54 silly audit   'range-parser': [ '1.2.1' ],
54 silly audit   'raw-body': [ '2.5.1' ],
54 silly audit   'readable-stream': [ '3.6.2' ],
54 silly audit   readdirp: [ '3.6.0' ],
54 silly audit   rimraf: [ '3.0.2' ],
54 silly audit   'safe-buffer': [ '5.2.1' ],
54 silly audit   'safer-buffer': [ '2.1.2' ],
54 silly audit   saslprep: [ '1.0.3' ],
54 silly audit   send: [ '0.18.0' ],
54 silly audit   'serve-static': [ '1.15.0' ],
54 silly audit   'set-blocking': [ '2.0.0' ],
54 silly audit   setprototypeof: [ '1.2.0' ],
54 silly audit   'side-channel': [ '1.0.4' ],
54 silly audit   sift: [ '16.0.1' ],
54 silly audit   'signal-exit': [ '3.0.7' ],
54 silly audit   'simple-update-notifier': [ '2.0.0' ],
54 silly audit   'smart-buffer': [ '4.2.0' ],
54 silly audit   socks: [ '2.7.1' ],
54 silly audit   'sparse-bitfield': [ '3.0.3' ],
54 silly audit   statuses: [ '2.0.1' ],
54 silly audit   string_decoder: [ '1.3.0' ],
54 silly audit   'string-width': [ '4.2.3' ],
54 silly audit   'strip-ansi': [ '6.0.1' ],
54 silly audit   'supports-color': [ '5.5.0' ],
54 silly audit   tar: [ '6.1.15' ],
54 silly audit   'to-regex-range': [ '5.0.1' ],
54 silly audit   toidentifier: [ '1.0.1' ],
54 silly audit   touch: [ '3.1.0' ],
54 silly audit   'type-is': [ '1.6.18' ],
54 silly audit   undefsafe: [ '2.0.5' ],
54 silly audit   unpipe: [ '1.0.0' ],
54 silly audit   'util-deprecate': [ '1.0.2' ],
54 silly audit   'utils-merge': [ '1.0.1' ],
54 silly audit   vary: [ '1.1.2' ],
54 silly audit   'wide-align': [ '1.1.5' ],
54 silly audit   wrappy: [ '1.0.2' ],
54 silly audit   yallist: [ '4.0.0' ],
54 silly audit   bcryptjs: [ '2.4.3' ]
54 silly audit }
55 silly tarball no local data for bcryptjs@https://registry.npmjs.org/bcryptjs/-/bcryptjs-2.4.3.tgz. Extracting by manifest.
56 http fetch POST 200 https://registry.npmjs.org/-/npm/v1/security/advisories/bulk 398ms
57 timing auditReport:getReport Completed in 410ms
58 silly audit report {}
59 timing auditReport:init Completed in 0ms
60 timing reify:audit Completed in 412ms
61 http fetch GET 200 https://registry.npmjs.org/bcryptjs/-/bcryptjs-2.4.3.tgz 429ms (cache miss)
62 timing reifyNode:node_modules/bcryptjs Completed in 442ms
63 timing reify:unpack Completed in 442ms
64 timing reify:unretire Completed in 0ms
65 timing build:queue Completed in 1ms
66 timing build:deps Completed in 1ms
67 timing build Completed in 1ms
68 timing reify:build Completed in 1ms
69 timing reify:trash Completed in 0ms
70 timing reify:save Completed in 74ms
71 timing reify Completed in 2750ms
72 silly ADD node_modules/bcryptjs
73 timing command:i Completed in 2780ms
74 verbose exit 0
75 timing npm Completed in 2920ms
76 info ok
