0 verbose cli /usr/local/bin/node /usr/local/bin/npm
1 info using npm@8.11.0
2 info using node@v16.16.0
3 timing npm:load:whichnode Completed in 0ms
4 timing config:load:defaults Completed in 3ms
5 timing config:load:file:/usr/local/lib/node_modules/npm/npmrc Completed in 0ms
6 timing config:load:builtin Completed in 2ms
7 timing config:load:cli Completed in 1ms
8 timing config:load:env Completed in 1ms
9 timing config:load:file:/Users/GMP/Rebecca/Authnode/.npmrc Completed in 0ms
10 timing config:load:project Completed in 11ms
11 timing config:load:file:/Users/GMP/.npmrc Completed in 0ms
12 timing config:load:user Completed in 0ms
13 timing config:load:file:/usr/local/etc/npmrc Completed in 1ms
14 timing config:load:global Completed in 1ms
15 timing config:load:validate Completed in 0ms
16 timing config:load:credentials Completed in 1ms
17 timing config:load:setEnvs Completed in 1ms
18 timing config:load Completed in 21ms
19 timing npm:load:configload Completed in 21ms
20 timing npm:load:mkdirpcache Completed in 1ms
21 timing npm:load:mkdirplogs Completed in 0ms
22 verbose title npm i bcrypt
23 verbose argv "i" "bcrypt"
24 timing npm:load:setTitle Completed in 19ms
25 timing config:load:flatten Completed in 3ms
26 timing npm:load:display Completed in 6ms
27 verbose logfile logs-max:10 dir:/Users/GMP/.npm/_logs
28 verbose logfile /Users/GMP/.npm/_logs/2023-07-28T10_03_11_100Z-debug-0.log
29 timing npm:load:logFile Completed in 34ms
30 timing npm:load:timers Completed in 0ms
31 timing npm:load:configScope Completed in 0ms
32 timing npm:load Completed in 83ms
33 timing arborist:ctor Completed in 1ms
34 silly logfile start cleaning logs, removing 1 files
35 silly logfile done cleaning log files
36 timing idealTree:init Completed in 194ms
37 timing idealTree:userRequests Completed in 2ms
38 silly idealTree buildDeps
39 silly fetch manifest bcrypt@*
40 timing arborist:ctor Completed in 0ms
41 http fetch GET 200 https://registry.npmjs.org/bcrypt 2145ms (cache miss)
42 silly placeDep ROOT bcrypt@5.1.0 OK for: auth@1.0.0 want: *
43 silly fetch manifest @mapbox/node-pre-gyp@^1.0.10
44 silly fetch manifest node-addon-api@^5.0.0
45 http fetch GET 200 https://registry.npmjs.org/node-addon-api 373ms (cache miss)
46 http fetch GET 200 https://registry.npmjs.org/@mapbox%2fnode-pre-gyp 458ms (cache miss)
47 timing idealTree:#root Completed in 2613ms
48 silly placeDep ROOT @mapbox/node-pre-gyp@1.0.11 OK for: bcrypt@5.1.0 want: ^1.0.10
49 silly placeDep ROOT node-addon-api@5.1.0 OK for: bcrypt@5.1.0 want: ^5.0.0
50 silly fetch manifest detect-libc@^2.0.0
51 silly fetch manifest https-proxy-agent@^5.0.0
52 silly fetch manifest make-dir@^3.1.0
53 silly fetch manifest node-fetch@^2.6.7
54 silly fetch manifest nopt@^5.0.0
55 silly fetch manifest npmlog@^5.0.1
56 silly fetch manifest rimraf@^3.0.2
57 silly fetch manifest tar@^6.1.11
58 http fetch GET 200 https://registry.npmjs.org/https-proxy-agent 244ms (cache miss)
59 http fetch GET 200 https://registry.npmjs.org/nopt 318ms (cache revalidated)
60 http fetch GET 200 https://registry.npmjs.org/npmlog 348ms (cache miss)
61 http fetch GET 200 https://registry.npmjs.org/tar 422ms (cache miss)
62 http fetch GET 200 https://registry.npmjs.org/rimraf 514ms (cache revalidated)
63 http fetch GET 200 https://registry.npmjs.org/make-dir 564ms (cache revalidated)
64 http fetch GET 200 https://registry.npmjs.org/node-fetch 636ms (cache updated)
65 http fetch GET 200 https://registry.npmjs.org/detect-libc 1551ms (cache miss)
66 timing idealTree:node_modules/bcrypt Completed in 1555ms
67 silly fetch manifest encoding@^0.1.0
68 http fetch GET 200 https://registry.npmjs.org/encoding 251ms (cache revalidated)
69 silly placeDep ROOT detect-libc@2.0.2 OK for: @mapbox/node-pre-gyp@1.0.11 want: ^2.0.0
70 silly placeDep ROOT https-proxy-agent@5.0.1 OK for: @mapbox/node-pre-gyp@1.0.11 want: ^5.0.0
71 silly placeDep ROOT make-dir@3.1.0 OK for: @mapbox/node-pre-gyp@1.0.11 want: ^3.1.0
72 silly placeDep ROOT node-fetch@2.6.12 OK for: @mapbox/node-pre-gyp@1.0.11 want: ^2.6.7
73 silly placeDep node_modules/@mapbox/node-pre-gyp nopt@5.0.0 OK for: @mapbox/node-pre-gyp@1.0.11 want: ^5.0.0
74 silly placeDep ROOT npmlog@5.0.1 OK for: @mapbox/node-pre-gyp@1.0.11 want: ^5.0.1
75 silly placeDep ROOT rimraf@3.0.2 OK for: @mapbox/node-pre-gyp@1.0.11 want: ^3.0.2
76 silly placeDep ROOT tar@6.1.15 OK for: @mapbox/node-pre-gyp@1.0.11 want: ^6.1.11
77 silly fetch manifest agent-base@6
78 silly fetch manifest debug@4
79 silly fetch manifest semver@^6.0.0
80 silly fetch manifest whatwg-url@^5.0.0
81 silly fetch manifest are-we-there-yet@^2.0.0
82 silly fetch manifest console-control-strings@^1.1.0
83 silly fetch manifest gauge@^3.0.0
84 silly fetch manifest set-blocking@^2.0.0
85 silly fetch manifest glob@^7.1.3
86 silly fetch manifest chownr@^2.0.0
87 silly fetch manifest fs-minipass@^2.0.0
88 silly fetch manifest minipass@^5.0.0
89 silly fetch manifest minizlib@^2.1.1
90 silly fetch manifest mkdirp@^1.0.3
91 http fetch GET 200 https://registry.npmjs.org/agent-base 384ms (cache miss)
92 http fetch GET 200 https://registry.npmjs.org/are-we-there-yet 410ms (cache miss)
93 http fetch GET 200 https://registry.npmjs.org/semver 435ms (cache revalidated)
94 http fetch GET 200 https://registry.npmjs.org/whatwg-url 448ms (cache revalidated)
95 http fetch GET 200 https://registry.npmjs.org/set-blocking 482ms (cache miss)
96 http fetch GET 200 https://registry.npmjs.org/console-control-strings 484ms (cache miss)
97 http fetch GET 200 https://registry.npmjs.org/fs-minipass 503ms (cache miss)
98 http fetch GET 200 https://registry.npmjs.org/debug 530ms (cache revalidated)
99 http fetch GET 200 https://registry.npmjs.org/mkdirp 534ms (cache revalidated)
100 http fetch GET 200 https://registry.npmjs.org/chownr 564ms (cache miss)
101 http fetch GET 200 https://registry.npmjs.org/gauge 593ms (cache miss)
102 http fetch GET 200 https://registry.npmjs.org/minizlib 592ms (cache miss)
103 http fetch GET 200 https://registry.npmjs.org/minipass 615ms (cache revalidated)
104 http fetch GET 200 https://registry.npmjs.org/glob 634ms (cache revalidated)
105 timing idealTree:node_modules/@mapbox/node-pre-gyp Completed in 910ms
106 timing idealTree:node_modules/detect-libc Completed in 0ms
107 silly placeDep ROOT agent-base@6.0.2 OK for: https-proxy-agent@5.0.1 want: 6
108 silly placeDep node_modules/https-proxy-agent debug@4.3.4 OK for: https-proxy-agent@5.0.1 want: 4
109 silly fetch manifest ms@2.1.2
110 http fetch GET 200 https://registry.npmjs.org/ms 292ms (cache revalidated)
111 timing idealTree:node_modules/https-proxy-agent Completed in 298ms
112 silly placeDep node_modules/agent-base debug@4.3.4 OK for: agent-base@6.0.2 want: 4
113 timing idealTree:node_modules/agent-base Completed in 3ms
114 silly placeDep node_modules/make-dir semver@6.3.1 OK for: make-dir@3.1.0 want: ^6.0.0
115 timing idealTree:node_modules/make-dir Completed in 2ms
116 timing idealTree:node_modules/node-addon-api Completed in 0ms
117 silly placeDep node_modules/node-fetch whatwg-url@5.0.0 OK for: node-fetch@2.6.12 want: ^5.0.0
118 silly fetch manifest tr46@~0.0.3
119 silly fetch manifest webidl-conversions@^3.0.0
120 http fetch GET 200 https://registry.npmjs.org/tr46 321ms (cache revalidated)
121 http fetch GET 200 https://registry.npmjs.org/webidl-conversions 321ms (cache revalidated)
122 timing idealTree:node_modules/node-fetch Completed in 332ms
123 silly placeDep ROOT are-we-there-yet@2.0.0 OK for: npmlog@5.0.1 want: ^2.0.0
124 silly placeDep ROOT console-control-strings@1.1.0 OK for: npmlog@5.0.1 want: ^1.1.0
125 silly placeDep ROOT gauge@3.0.2 OK for: npmlog@5.0.1 want: ^3.0.0
126 silly placeDep ROOT set-blocking@2.0.0 OK for: npmlog@5.0.1 want: ^2.0.0
127 silly fetch manifest delegates@^1.0.0
128 silly fetch manifest readable-stream@^3.6.0
129 silly fetch manifest aproba@^1.0.3 || ^2.0.0
130 silly fetch manifest color-support@^1.1.2
131 silly fetch manifest has-unicode@^2.0.1
132 silly fetch manifest object-assign@^4.1.1
133 silly fetch manifest signal-exit@^3.0.0
134 silly fetch manifest string-width@^4.2.3
135 silly fetch manifest strip-ansi@^6.0.1
136 silly fetch manifest wide-align@^1.1.2
137 http fetch GET 200 https://registry.npmjs.org/color-support 249ms (cache miss)
138 http fetch GET 200 https://registry.npmjs.org/readable-stream 305ms (cache revalidated)
139 http fetch GET 200 https://registry.npmjs.org/signal-exit 371ms (cache revalidated)
140 http fetch GET 200 https://registry.npmjs.org/string-width 381ms (cache revalidated)
141 http fetch GET 200 https://registry.npmjs.org/object-assign 396ms (cache revalidated)
142 http fetch GET 200 https://registry.npmjs.org/strip-ansi 408ms (cache revalidated)
143 http fetch GET 200 https://registry.npmjs.org/aproba 1789ms (cache miss)
144 http fetch GET 200 https://registry.npmjs.org/delegates 1793ms (cache miss)
145 http fetch GET 200 https://registry.npmjs.org/has-unicode 1790ms (cache miss)
146 http fetch GET 200 https://registry.npmjs.org/wide-align 1786ms (cache miss)
147 timing idealTree:node_modules/npmlog Completed in 1810ms
148 silly placeDep ROOT delegates@1.0.0 OK for: are-we-there-yet@2.0.0 want: ^1.0.0
149 silly placeDep ROOT readable-stream@3.6.2 OK for: are-we-there-yet@2.0.0 want: ^3.6.0
150 silly fetch manifest string_decoder@^1.1.1
151 silly fetch manifest util-deprecate@^1.0.1
152 http fetch GET 200 https://registry.npmjs.org/util-deprecate 242ms (cache revalidated)
153 http fetch GET 200 https://registry.npmjs.org/string_decoder 295ms (cache revalidated)
154 timing idealTree:node_modules/are-we-there-yet Completed in 302ms
155 timing idealTree:node_modules/console-control-strings Completed in 0ms
156 timing idealTree:node_modules/delegates Completed in 0ms
157 silly placeDep ROOT aproba@2.0.0 OK for: gauge@3.0.2 want: ^1.0.3 || ^2.0.0
158 silly placeDep ROOT color-support@1.1.3 OK for: gauge@3.0.2 want: ^1.1.2
159 silly placeDep ROOT has-unicode@2.0.1 OK for: gauge@3.0.2 want: ^2.0.1
160 silly placeDep ROOT object-assign@4.1.1 OK for: gauge@3.0.2 want: ^4.1.1
161 silly placeDep ROOT signal-exit@3.0.7 OK for: gauge@3.0.2 want: ^3.0.0
162 silly placeDep ROOT string-width@4.2.3 OK for: gauge@3.0.2 want: ^4.2.3
163 silly placeDep ROOT strip-ansi@6.0.1 OK for: gauge@3.0.2 want: ^6.0.1
164 silly placeDep ROOT wide-align@1.1.5 OK for: gauge@3.0.2 want: ^1.1.2
165 silly fetch manifest emoji-regex@^8.0.0
166 silly fetch manifest is-fullwidth-code-point@^3.0.0
167 silly fetch manifest ansi-regex@^5.0.1
168 http fetch GET 200 https://registry.npmjs.org/ansi-regex 180ms (cache revalidated)
169 http fetch GET 200 https://registry.npmjs.org/emoji-regex 202ms (cache revalidated)
170 http fetch GET 200 https://registry.npmjs.org/is-fullwidth-code-point 203ms (cache revalidated)
171 timing idealTree:node_modules/gauge Completed in 227ms
172 timing idealTree:node_modules/aproba Completed in 0ms
173 timing idealTree:node_modules/color-support Completed in 0ms
174 timing idealTree:node_modules/has-unicode Completed in 0ms
175 timing idealTree:node_modules/object-assign Completed in 0ms
176 silly placeDep ROOT string_decoder@1.3.0 OK for: readable-stream@3.6.2 want: ^1.1.1
177 silly placeDep ROOT util-deprecate@1.0.2 OK for: readable-stream@3.6.2 want: ^1.0.1
178 timing idealTree:node_modules/readable-stream Completed in 5ms
179 silly placeDep ROOT glob@7.2.3 OK for: rimraf@3.0.2 want: ^7.1.3
180 silly fetch manifest fs.realpath@^1.0.0
181 silly fetch manifest inflight@^1.0.4
182 silly fetch manifest once@^1.3.0
183 silly fetch manifest path-is-absolute@^1.0.0
184 http fetch GET 200 https://registry.npmjs.org/path-is-absolute 287ms (cache revalidated)
185 http fetch GET 200 https://registry.npmjs.org/once 309ms (cache revalidated)
186 http fetch GET 200 https://registry.npmjs.org/fs.realpath 312ms (cache revalidated)
187 http fetch GET 200 https://registry.npmjs.org/inflight 312ms (cache revalidated)
188 timing idealTree:node_modules/rimraf Completed in 317ms
189 silly placeDep ROOT fs.realpath@1.0.0 OK for: glob@7.2.3 want: ^1.0.0
190 silly placeDep ROOT inflight@1.0.6 OK for: glob@7.2.3 want: ^1.0.4
191 silly placeDep ROOT once@1.4.0 OK for: glob@7.2.3 want: ^1.3.0
192 silly placeDep ROOT path-is-absolute@1.0.1 OK for: glob@7.2.3 want: ^1.0.0
193 silly fetch manifest wrappy@1
194 http fetch GET 200 https://registry.npmjs.org/wrappy 195ms (cache revalidated)
195 timing idealTree:node_modules/glob Completed in 205ms
196 timing idealTree:node_modules/fs.realpath Completed in 0ms
197 silly placeDep ROOT wrappy@1.0.2 OK for: inflight@1.0.6 want: 1
198 timing idealTree:node_modules/inflight Completed in 1ms
199 timing idealTree:node_modules/once Completed in 0ms
200 timing idealTree:node_modules/path-is-absolute Completed in 0ms
201 timing idealTree:node_modules/set-blocking Completed in 0ms
202 timing idealTree:node_modules/signal-exit Completed in 0ms
203 timing idealTree:node_modules/string_decoder Completed in 0ms
204 silly placeDep ROOT emoji-regex@8.0.0 OK for: string-width@4.2.3 want: ^8.0.0
205 silly placeDep ROOT is-fullwidth-code-point@3.0.0 OK for: string-width@4.2.3 want: ^3.0.0
206 timing idealTree:node_modules/string-width Completed in 4ms
207 timing idealTree:node_modules/emoji-regex Completed in 0ms
208 timing idealTree:node_modules/is-fullwidth-code-point Completed in 0ms
209 silly placeDep ROOT ansi-regex@5.0.1 OK for: strip-ansi@6.0.1 want: ^5.0.1
210 timing idealTree:node_modules/strip-ansi Completed in 1ms
211 timing idealTree:node_modules/ansi-regex Completed in 0ms
212 silly placeDep ROOT chownr@2.0.0 OK for: tar@6.1.15 want: ^2.0.0
213 silly placeDep ROOT fs-minipass@2.1.0 OK for: tar@6.1.15 want: ^2.0.0
214 silly placeDep ROOT minipass@5.0.0 OK for: tar@6.1.15 want: ^5.0.0
215 silly placeDep ROOT minizlib@2.1.2 OK for: tar@6.1.15 want: ^2.1.1
216 silly placeDep ROOT mkdirp@1.0.4 OK for: tar@6.1.15 want: ^1.0.3
217 silly fetch manifest minipass@^3.0.0
218 timing idealTree:node_modules/tar Completed in 15ms
219 timing idealTree:node_modules/chownr Completed in 0ms
220 silly placeDep node_modules/fs-minipass minipass@3.3.6 OK for: fs-minipass@2.1.0 want: ^3.0.0
221 timing idealTree:node_modules/fs-minipass Completed in 3ms
222 timing idealTree:node_modules/minipass Completed in 0ms
223 silly placeDep node_modules/minizlib minipass@3.3.6 OK for: minizlib@2.1.2 want: ^3.0.0
224 timing idealTree:node_modules/minizlib Completed in 2ms
225 timing idealTree:node_modules/mkdirp Completed in 0ms
226 timing idealTree:node_modules/util-deprecate Completed in 0ms
227 timing idealTree:node_modules/wide-align Completed in 0ms
228 timing idealTree:node_modules/wrappy Completed in 0ms
229 timing idealTree:node_modules/@mapbox/node-pre-gyp/node_modules/nopt Completed in 0ms
230 silly placeDep node_modules/agent-base ms@2.1.2 OK for: debug@4.3.4 want: 2.1.2
231 timing idealTree:node_modules/agent-base/node_modules/debug Completed in 1ms
232 timing idealTree:node_modules/agent-base/node_modules/ms Completed in 0ms
233 timing idealTree:node_modules/fs-minipass/node_modules/minipass Completed in 0ms
234 silly placeDep node_modules/https-proxy-agent ms@2.1.2 OK for: debug@4.3.4 want: 2.1.2
235 timing idealTree:node_modules/https-proxy-agent/node_modules/debug Completed in 1ms
236 timing idealTree:node_modules/https-proxy-agent/node_modules/ms Completed in 0ms
237 timing idealTree:node_modules/make-dir/node_modules/semver Completed in 0ms
238 timing idealTree:node_modules/minizlib/node_modules/minipass Completed in 0ms
239 silly placeDep node_modules/node-fetch tr46@0.0.3 OK for: whatwg-url@5.0.0 want: ~0.0.3
240 silly placeDep node_modules/node-fetch webidl-conversions@3.0.1 OK for: whatwg-url@5.0.0 want: ^3.0.0
241 timing idealTree:node_modules/node-fetch/node_modules/whatwg-url Completed in 2ms
242 timing idealTree:node_modules/node-fetch/node_modules/tr46 Completed in 1ms
243 timing idealTree:node_modules/node-fetch/node_modules/webidl-conversions Completed in 0ms
244 timing idealTree:buildDeps Completed in 8619ms
245 timing idealTree:fixDepFlags Completed in 2ms
246 timing idealTree Completed in 8822ms
247 timing reify:loadTrees Completed in 8824ms
248 timing reify:diffTrees Completed in 8ms
249 silly reify moves {}
250 timing reify:retireShallow Completed in 2ms
251 timing reify:createSparse Completed in 57ms
252 timing reify:loadBundles Completed in 0ms
253 silly audit bulk request {
253 silly audit   '@types/node': [ '20.4.5' ],
253 silly audit   '@types/webidl-conversions': [ '7.0.0' ],
253 silly audit   '@types/whatwg-url': [ '8.2.2' ],
253 silly audit   abbrev: [ '1.1.1' ],
253 silly audit   accepts: [ '1.3.8' ],
253 silly audit   anymatch: [ '3.1.3' ],
253 silly audit   'array-flatten': [ '1.1.1' ],
253 silly audit   'balanced-match': [ '1.0.2' ],
253 silly audit   'binary-extensions': [ '2.2.0' ],
253 silly audit   'body-parser': [ '1.20.1' ],
253 silly audit   'brace-expansion': [ '1.1.11' ],
253 silly audit   braces: [ '3.0.2' ],
253 silly audit   bson: [ '5.4.0' ],
253 silly audit   bytes: [ '3.1.2' ],
253 silly audit   'call-bind': [ '1.0.2' ],
253 silly audit   chokidar: [ '3.5.3' ],
253 silly audit   'concat-map': [ '0.0.1' ],
253 silly audit   'content-disposition': [ '0.5.4' ],
253 silly audit   'content-type': [ '1.0.5' ],
253 silly audit   cookie: [ '0.5.0' ],
253 silly audit   'cookie-signature': [ '1.0.6' ],
253 silly audit   debug: [ '2.6.9', '4.3.4', '3.2.7' ],
253 silly audit   depd: [ '2.0.0' ],
253 silly audit   destroy: [ '1.2.0' ],
253 silly audit   'ee-first': [ '1.1.1' ],
253 silly audit   encodeurl: [ '1.0.2' ],
253 silly audit   'escape-html': [ '1.0.3' ],
253 silly audit   etag: [ '1.8.1' ],
253 silly audit   express: [ '4.18.2' ],
253 silly audit   'fill-range': [ '7.0.1' ],
253 silly audit   finalhandler: [ '1.2.0' ],
253 silly audit   forwarded: [ '0.2.0' ],
253 silly audit   fresh: [ '0.5.2' ],
253 silly audit   fsevents: [ '2.3.2' ],
253 silly audit   'function-bind': [ '1.1.1' ],
253 silly audit   'get-intrinsic': [ '1.2.1' ],
253 silly audit   'glob-parent': [ '5.1.2' ],
253 silly audit   has: [ '1.0.3' ],
253 silly audit   'has-flag': [ '3.0.0' ],
253 silly audit   'has-proto': [ '1.0.1' ],
253 silly audit   'has-symbols': [ '1.0.3' ],
253 silly audit   'http-errors': [ '2.0.0' ],
253 silly audit   'iconv-lite': [ '0.4.24' ],
253 silly audit   'ignore-by-default': [ '1.0.1' ],
253 silly audit   inherits: [ '2.0.4' ],
253 silly audit   ip: [ '2.0.0' ],
253 silly audit   'ipaddr.js': [ '1.9.1' ],
253 silly audit   'is-binary-path': [ '2.1.0' ],
253 silly audit   'is-extglob': [ '2.1.1' ],
253 silly audit   'is-glob': [ '4.0.3' ],
253 silly audit   'is-number': [ '7.0.0' ],
253 silly audit   kareem: [ '2.5.1' ],
253 silly audit   'lru-cache': [ '6.0.0' ],
253 silly audit   'media-typer': [ '0.3.0' ],
253 silly audit   'memory-pager': [ '1.5.0' ],
253 silly audit   'merge-descriptors': [ '1.0.1' ],
253 silly audit   methods: [ '1.1.2' ],
253 silly audit   mime: [ '1.6.0' ],
253 silly audit   'mime-db': [ '1.52.0' ],
253 silly audit   'mime-types': [ '2.1.35' ],
253 silly audit   minimatch: [ '3.1.2' ],
253 silly audit   mongodb: [ '5.7.0' ],
253 silly audit   'mongodb-connection-string-url': [ '2.6.0' ],
253 silly audit   mongoose: [ '7.4.1' ],
253 silly audit   ms: [ '2.1.3', '2.1.2', '2.0.0' ],
253 silly audit   mpath: [ '0.9.0' ],
253 silly audit   mquery: [ '5.0.0' ],
253 silly audit   negotiator: [ '0.6.3' ],
253 silly audit   nodemon: [ '3.0.1' ],
253 silly audit   nopt: [ '1.0.10', '5.0.0' ],
253 silly audit   'normalize-path': [ '3.0.0' ],
253 silly audit   'object-inspect': [ '1.12.3' ],
253 silly audit   'on-finished': [ '2.4.1' ],
253 silly audit   parseurl: [ '1.3.3' ],
253 silly audit   'path-to-regexp': [ '0.1.7' ],
253 silly audit   picomatch: [ '2.3.1' ],
253 silly audit   'proxy-addr': [ '2.0.7' ],
253 silly audit   'pstree.remy': [ '1.1.8' ],
253 silly audit   punycode: [ '2.3.0' ],
253 silly audit   qs: [ '6.11.0' ],
253 silly audit   'range-parser': [ '1.2.1' ],
253 silly audit   'raw-body': [ '2.5.1' ],
253 silly audit   readdirp: [ '3.6.0' ],
253 silly audit   'safe-buffer': [ '5.2.1' ],
253 silly audit   'safer-buffer': [ '2.1.2' ],
253 silly audit   saslprep: [ '1.0.3' ],
253 silly audit   semver: [ '7.5.4', '6.3.1' ],
253 silly audit   send: [ '0.18.0' ],
253 silly audit   'serve-static': [ '1.15.0' ],
253 silly audit   setprototypeof: [ '1.2.0' ],
253 silly audit   'side-channel': [ '1.0.4' ],
253 silly audit   sift: [ '16.0.1' ],
253 silly audit   'simple-update-notifier': [ '2.0.0' ],
253 silly audit   'smart-buffer': [ '4.2.0' ],
253 silly audit   socks: [ '2.7.1' ],
253 silly audit   'sparse-bitfield': [ '3.0.3' ],
253 silly audit   statuses: [ '2.0.1' ],
253 silly audit   'supports-color': [ '5.5.0' ],
253 silly audit   'to-regex-range': [ '5.0.1' ],
253 silly audit   toidentifier: [ '1.0.1' ],
253 silly audit   touch: [ '3.1.0' ],
253 silly audit   tr46: [ '3.0.0', '0.0.3' ],
253 silly audit   'type-is': [ '1.6.18' ],
253 silly audit   undefsafe: [ '2.0.5' ],
253 silly audit   unpipe: [ '1.0.0' ],
253 silly audit   'utils-merge': [ '1.0.1' ],
253 silly audit   vary: [ '1.1.2' ],
253 silly audit   'webidl-conversions': [ '7.0.0', '3.0.1' ],
253 silly audit   'whatwg-url': [ '11.0.0', '5.0.0' ],
253 silly audit   yallist: [ '4.0.0' ],
253 silly audit   bcrypt: [ '5.1.0' ],
253 silly audit   '@mapbox/node-pre-gyp': [ '1.0.11' ],
253 silly audit   'node-addon-api': [ '5.1.0' ],
253 silly audit   'detect-libc': [ '2.0.2' ],
253 silly audit   'https-proxy-agent': [ '5.0.1' ],
253 silly audit   'make-dir': [ '3.1.0' ],
253 silly audit   'node-fetch': [ '2.6.12' ],
253 silly audit   npmlog: [ '5.0.1' ],
253 silly audit   rimraf: [ '3.0.2' ],
253 silly audit   tar: [ '6.1.15' ],
253 silly audit   'agent-base': [ '6.0.2' ],
253 silly audit   'are-we-there-yet': [ '2.0.0' ],
253 silly audit   'console-control-strings': [ '1.1.0' ],
253 silly audit   gauge: [ '3.0.2' ],
253 silly audit   'set-blocking': [ '2.0.0' ],
253 silly audit   delegates: [ '1.0.0' ],
253 silly audit   'readable-stream': [ '3.6.2' ],
253 silly audit   aproba: [ '2.0.0' ],
253 silly audit   'color-support': [ '1.1.3' ],
253 silly audit   'has-unicode': [ '2.0.1' ],
253 silly audit   'object-assign': [ '4.1.1' ],
253 silly audit   'signal-exit': [ '3.0.7' ],
253 silly audit   'string-width': [ '4.2.3' ],
253 silly audit   'strip-ansi': [ '6.0.1' ],
253 silly audit   'wide-align': [ '1.1.5' ],
253 silly audit   string_decoder: [ '1.3.0' ],
253 silly audit   'util-deprecate': [ '1.0.2' ],
253 silly audit   glob: [ '7.2.3' ],
253 silly audit   'fs.realpath': [ '1.0.0' ],
253 silly audit   inflight: [ '1.0.6' ],
253 silly audit   once: [ '1.4.0' ],
253 silly audit   'path-is-absolute': [ '1.0.1' ],
253 silly audit   wrappy: [ '1.0.2' ],
253 silly audit   'emoji-regex': [ '8.0.0' ],
253 silly audit   'is-fullwidth-code-point': [ '3.0.0' ],
253 silly audit   'ansi-regex': [ '5.0.1' ],
253 silly audit   chownr: [ '2.0.0' ],
253 silly audit   'fs-minipass': [ '2.1.0' ],
253 silly audit   minipass: [ '5.0.0', '3.3.6' ],
253 silly audit   minizlib: [ '2.1.2' ],
253 silly audit   mkdirp: [ '1.0.4' ]
253 silly audit }
254 silly tarball no local data for mkdirp@https://registry.npmjs.org/mkdirp/-/mkdirp-1.0.4.tgz. Extracting by manifest.
255 silly tarball no local data for minizlib@https://registry.npmjs.org/minizlib/-/minizlib-2.1.2.tgz. Extracting by manifest.
256 silly tarball no local data for chownr@https://registry.npmjs.org/chownr/-/chownr-2.0.0.tgz. Extracting by manifest.
257 silly tarball no local data for minipass@https://registry.npmjs.org/minipass/-/minipass-5.0.0.tgz. Extracting by manifest.
258 silly tarball no local data for fs-minipass@https://registry.npmjs.org/fs-minipass/-/fs-minipass-2.1.0.tgz. Extracting by manifest.
259 silly tarball no local data for wide-align@https://registry.npmjs.org/wide-align/-/wide-align-1.1.5.tgz. Extracting by manifest.
260 silly tarball no local data for has-unicode@https://registry.npmjs.org/has-unicode/-/has-unicode-2.0.1.tgz. Extracting by manifest.
261 silly tarball no local data for aproba@https://registry.npmjs.org/aproba/-/aproba-2.0.0.tgz. Extracting by manifest.
262 silly tarball no local data for color-support@https://registry.npmjs.org/color-support/-/color-support-1.1.3.tgz. Extracting by manifest.
263 silly tarball no local data for delegates@https://registry.npmjs.org/delegates/-/delegates-1.0.0.tgz. Extracting by manifest.
264 silly tarball no local data for set-blocking@https://registry.npmjs.org/set-blocking/-/set-blocking-2.0.0.tgz. Extracting by manifest.
265 silly tarball no local data for gauge@https://registry.npmjs.org/gauge/-/gauge-3.0.2.tgz. Extracting by manifest.
266 silly tarball no local data for are-we-there-yet@https://registry.npmjs.org/are-we-there-yet/-/are-we-there-yet-2.0.0.tgz. Extracting by manifest.
267 silly tarball no local data for console-control-strings@https://registry.npmjs.org/console-control-strings/-/console-control-strings-1.1.0.tgz. Extracting by manifest.
268 silly tarball no local data for agent-base@https://registry.npmjs.org/agent-base/-/agent-base-6.0.2.tgz. Extracting by manifest.
269 silly tarball no local data for npmlog@https://registry.npmjs.org/npmlog/-/npmlog-5.0.1.tgz. Extracting by manifest.
270 silly tarball no local data for tar@https://registry.npmjs.org/tar/-/tar-6.1.15.tgz. Extracting by manifest.
271 silly tarball no local data for https-proxy-agent@https://registry.npmjs.org/https-proxy-agent/-/https-proxy-agent-5.0.1.tgz. Extracting by manifest.
272 silly tarball no local data for detect-libc@https://registry.npmjs.org/detect-libc/-/detect-libc-2.0.2.tgz. Extracting by manifest.
273 silly tarball no local data for node-addon-api@https://registry.npmjs.org/node-addon-api/-/node-addon-api-5.1.0.tgz. Extracting by manifest.
274 silly tarball no local data for bcrypt@https://registry.npmjs.org/bcrypt/-/bcrypt-5.1.0.tgz. Extracting by manifest.
275 silly tarball no local data for @mapbox/node-pre-gyp@https://registry.npmjs.org/@mapbox/node-pre-gyp/-/node-pre-gyp-1.0.11.tgz. Extracting by manifest.
276 silly tarball no local data for nopt@https://registry.npmjs.org/nopt/-/nopt-5.0.0.tgz. Extracting by manifest.
277 http fetch POST 200 https://registry.npmjs.org/-/npm/v1/security/advisories/bulk 605ms
278 timing auditReport:getReport Completed in 613ms
279 silly audit report {}
280 timing auditReport:init Completed in 0ms
281 timing reify:audit Completed in 615ms
282 timing reifyNode:node_modules/path-is-absolute Completed in 1063ms
283 timing reifyNode:node_modules/wrappy Completed in 1064ms
284 timing reifyNode:node_modules/once Completed in 1065ms
285 timing reifyNode:node_modules/inflight Completed in 1065ms
286 timing reifyNode:node_modules/object-assign Completed in 1064ms
287 timing reifyNode:node_modules/agent-base/node_modules/ms Completed in 1061ms
288 timing reifyNode:node_modules/https-proxy-agent/node_modules/ms Completed in 1059ms
289 timing reifyNode:node_modules/ansi-regex Completed in 1074ms
290 timing reifyNode:node_modules/is-fullwidth-code-point Completed in 1075ms
291 timing reifyNode:node_modules/string-width Completed in 1071ms
292 timing reifyNode:node_modules/strip-ansi Completed in 1073ms
293 timing reifyNode:node_modules/signal-exit Completed in 1087ms
294 timing reifyNode:node_modules/make-dir Completed in 1081ms
295 timing reifyNode:node_modules/fs.realpath Completed in 1093ms
296 timing reifyNode:node_modules/string_decoder Completed in 1092ms
297 timing reifyNode:node_modules/util-deprecate Completed in 1095ms
298 timing reifyNode:node_modules/node-fetch/node_modules/webidl-conversions Completed in 1089ms
299 timing reifyNode:node_modules/rimraf Completed in 1105ms
300 timing reifyNode:node_modules/agent-base/node_modules/debug Completed in 1110ms
301 timing reifyNode:node_modules/https-proxy-agent/node_modules/debug Completed in 1108ms
302 timing reifyNode:node_modules/fs-minipass/node_modules/minipass Completed in 1129ms
303 timing reifyNode:node_modules/minizlib/node_modules/minipass Completed in 1131ms
304 timing reifyNode:node_modules/glob Completed in 1126ms
305 timing reifyNode:node_modules/emoji-regex Completed in 1189ms
306 http fetch GET 200 https://registry.npmjs.org/color-support/-/color-support-1.1.3.tgz 835ms (cache miss)
307 timing reifyNode:node_modules/color-support Completed in 1189ms
308 http fetch GET 200 https://registry.npmjs.org/mkdirp/-/mkdirp-1.0.4.tgz 1113ms (cache miss)
309 http fetch GET 200 https://registry.npmjs.org/chownr/-/chownr-2.0.0.tgz 1106ms (cache miss)
310 timing reifyNode:node_modules/chownr Completed in 1219ms
311 http fetch GET 200 https://registry.npmjs.org/wide-align/-/wide-align-1.1.5.tgz 1003ms (cache miss)
312 timing reifyNode:node_modules/wide-align Completed in 1219ms
313 http fetch GET 200 https://registry.npmjs.org/fs-minipass/-/fs-minipass-2.1.0.tgz 1097ms (cache miss)
314 timing reifyNode:node_modules/fs-minipass Completed in 1230ms
315 http fetch GET 200 https://registry.npmjs.org/detect-libc/-/detect-libc-2.0.2.tgz 757ms (cache miss)
316 timing reifyNode:node_modules/detect-libc Completed in 1223ms
317 http fetch GET 200 https://registry.npmjs.org/has-unicode/-/has-unicode-2.0.1.tgz 923ms (cache miss)
318 timing reifyNode:node_modules/has-unicode Completed in 1242ms
319 http fetch GET 200 https://registry.npmjs.org/delegates/-/delegates-1.0.0.tgz 885ms (cache miss)
320 timing reifyNode:node_modules/delegates Completed in 1249ms
321 http fetch GET 200 https://registry.npmjs.org/set-blocking/-/set-blocking-2.0.0.tgz 854ms (cache miss)
322 timing reifyNode:node_modules/set-blocking Completed in 1253ms
323 http fetch GET 200 https://registry.npmjs.org/console-control-strings/-/console-control-strings-1.1.0.tgz 840ms (cache miss)
324 timing reifyNode:node_modules/console-control-strings Completed in 1256ms
325 timing reifyNode:node_modules/node-fetch/node_modules/whatwg-url Completed in 1255ms
326 http fetch GET 200 https://registry.npmjs.org/nopt/-/nopt-5.0.0.tgz 723ms (cache miss)
327 timing reifyNode:node_modules/@mapbox/node-pre-gyp/node_modules/nopt Completed in 1261ms
328 http fetch GET 200 https://registry.npmjs.org/aproba/-/aproba-2.0.0.tgz 929ms (cache miss)
329 timing reifyNode:node_modules/aproba Completed in 1272ms
330 timing reifyNode:node_modules/make-dir/node_modules/semver Completed in 1354ms
331 http fetch GET 200 https://registry.npmjs.org/are-we-there-yet/-/are-we-there-yet-2.0.0.tgz 949ms (cache miss)
332 timing reifyNode:node_modules/are-we-there-yet Completed in 1360ms
333 timing reifyNode:node_modules/mkdirp Completed in 1375ms
334 http fetch GET 200 https://registry.npmjs.org/minizlib/-/minizlib-2.1.2.tgz 1273ms (cache miss)
335 timing reifyNode:node_modules/minizlib Completed in 1379ms
336 http fetch GET 200 https://registry.npmjs.org/https-proxy-agent/-/https-proxy-agent-5.0.1.tgz 922ms (cache miss)
337 timing reifyNode:node_modules/https-proxy-agent Completed in 1381ms
338 http fetch GET 200 https://registry.npmjs.org/minipass/-/minipass-5.0.0.tgz 1274ms (cache miss)
339 timing reifyNode:node_modules/minipass Completed in 1400ms
340 http fetch GET 200 https://registry.npmjs.org/npmlog/-/npmlog-5.0.1.tgz 966ms (cache miss)
341 timing reifyNode:node_modules/npmlog Completed in 1393ms
342 timing reifyNode:node_modules/node-fetch Completed in 1403ms
343 timing reifyNode:node_modules/node-fetch/node_modules/tr46 Completed in 1542ms
344 http fetch GET 200 https://registry.npmjs.org/agent-base/-/agent-base-6.0.2.tgz 1383ms (cache miss)
345 timing reifyNode:node_modules/agent-base Completed in 1805ms
346 timing reifyNode:node_modules/readable-stream Completed in 1837ms
347 http fetch GET 200 https://registry.npmjs.org/gauge/-/gauge-3.0.2.tgz 1437ms (cache miss)
348 timing reifyNode:node_modules/gauge Completed in 1842ms
349 http fetch GET 200 https://registry.npmjs.org/node-addon-api/-/node-addon-api-5.1.0.tgz 1369ms (cache miss)
350 timing reifyNode:node_modules/node-addon-api Completed in 2017ms
351 http fetch GET 200 https://registry.npmjs.org/@mapbox/node-pre-gyp/-/node-pre-gyp-1.0.11.tgz 1559ms (cache miss)
352 timing reifyNode:node_modules/@mapbox/node-pre-gyp Completed in 2103ms
353 http fetch GET 200 https://registry.npmjs.org/tar/-/tar-6.1.15.tgz 1665ms (cache miss)
354 timing reifyNode:node_modules/tar Completed in 2112ms
355 http fetch GET 200 https://registry.npmjs.org/bcrypt/-/bcrypt-5.1.0.tgz 1627ms (cache miss)
356 timing reifyNode:node_modules/bcrypt Completed in 2113ms
357 timing reify:unpack Completed in 2132ms
358 timing reify:unretire Completed in 1ms
359 timing build:queue Completed in 4ms
360 timing build:link:node_modules/@mapbox/node-pre-gyp Completed in 4ms
361 timing build:link:node_modules/mkdirp Completed in 3ms
362 timing build:link:node_modules/color-support Completed in 3ms
363 timing build:link:node_modules/rimraf Completed in 3ms
364 timing build:link:node_modules/@mapbox/node-pre-gyp/node_modules/nopt Completed in 3ms
365 timing build:link:node_modules/make-dir/node_modules/semver Completed in 3ms
366 timing build:link Completed in 5ms
367 info run bcrypt@5.1.0 install node_modules/bcrypt node-pre-gyp install --fallback-to-build
368 info run bcrypt@5.1.0 install { code: 0, signal: null }
369 timing build:run:install:node_modules/bcrypt Completed in 7514ms
370 timing build:run:install Completed in 7515ms
371 timing build:deps Completed in 7525ms
372 timing build Completed in 7525ms
373 timing reify:build Completed in 7526ms
374 timing reify:trash Completed in 0ms
375 timing reify:save Completed in 96ms
376 timing reify Completed in 18710ms
377 silly ADD node_modules/mkdirp
378 silly ADD node_modules/minizlib
379 silly ADD node_modules/minizlib/node_modules/minipass
380 silly ADD node_modules/minipass
381 silly ADD node_modules/fs-minipass
382 silly ADD node_modules/fs-minipass/node_modules/minipass
383 silly ADD node_modules/chownr
384 silly ADD node_modules/ansi-regex
385 silly ADD node_modules/is-fullwidth-code-point
386 silly ADD node_modules/emoji-regex
387 silly ADD node_modules/wrappy
388 silly ADD node_modules/path-is-absolute
389 silly ADD node_modules/once
390 silly ADD node_modules/inflight
391 silly ADD node_modules/fs.realpath
392 silly ADD node_modules/glob
393 silly ADD node_modules/util-deprecate
394 silly ADD node_modules/string_decoder
395 silly ADD node_modules/wide-align
396 silly ADD node_modules/strip-ansi
397 silly ADD node_modules/string-width
398 silly ADD node_modules/signal-exit
399 silly ADD node_modules/object-assign
400 silly ADD node_modules/has-unicode
401 silly ADD node_modules/color-support
402 silly ADD node_modules/aproba
403 silly ADD node_modules/readable-stream
404 silly ADD node_modules/delegates
405 silly ADD node_modules/set-blocking
406 silly ADD node_modules/gauge
407 silly ADD node_modules/console-control-strings
408 silly ADD node_modules/are-we-there-yet
409 silly ADD node_modules/agent-base
410 silly ADD node_modules/agent-base/node_modules/ms
411 silly ADD node_modules/agent-base/node_modules/debug
412 silly ADD node_modules/tar
413 silly ADD node_modules/rimraf
414 silly ADD node_modules/npmlog
415 silly ADD node_modules/node-fetch
416 silly ADD node_modules/node-fetch/node_modules/webidl-conversions
417 silly ADD node_modules/node-fetch/node_modules/tr46
418 silly ADD node_modules/node-fetch/node_modules/whatwg-url
419 silly ADD node_modules/make-dir
420 silly ADD node_modules/make-dir/node_modules/semver
421 silly ADD node_modules/https-proxy-agent
422 silly ADD node_modules/https-proxy-agent/node_modules/ms
423 silly ADD node_modules/https-proxy-agent/node_modules/debug
424 silly ADD node_modules/detect-libc
425 silly ADD node_modules/node-addon-api
426 silly ADD node_modules/@mapbox/node-pre-gyp
427 silly ADD node_modules/@mapbox/node-pre-gyp/node_modules/nopt
428 silly ADD node_modules/bcrypt
429 timing command:i Completed in 18726ms
430 verbose exit 0
431 timing npm Completed in 19242ms
432 info ok
