0 verbose cli /usr/local/bin/node /usr/local/bin/npm
1 info using npm@8.11.0
2 info using node@v16.16.0
3 timing npm:load:whichnode Completed in 1ms
4 timing config:load:defaults Completed in 4ms
5 timing config:load:file:/usr/local/lib/node_modules/npm/npmrc Completed in 1ms
6 timing config:load:builtin Completed in 1ms
7 timing config:load:cli Completed in 3ms
8 timing config:load:env Completed in 0ms
9 timing config:load:file:/Users/GMP/Library/Caches/typescript/5.1/.npmrc Completed in 1ms
10 timing config:load:project Completed in 12ms
11 timing config:load:file:/Users/GMP/.npmrc Completed in 0ms
12 timing config:load:user Completed in 0ms
13 timing config:load:file:/usr/local/etc/npmrc Completed in 0ms
14 timing config:load:global Completed in 0ms
15 timing config:load:validate Completed in 0ms
16 timing config:load:credentials Completed in 1ms
17 timing config:load:setEnvs Completed in 1ms
18 timing config:load Completed in 23ms
19 timing npm:load:configload Completed in 23ms
20 timing npm:load:mkdirpcache Completed in 1ms
21 timing npm:load:mkdirplogs Completed in 0ms
22 verbose title npm install @types/bcrypt@ts5.1
23 verbose argv "install" "--ignore-scripts" "@types/bcrypt@ts5.1" "--save-dev" "--user-agent" "typesInstaller/5.1.3"
24 timing npm:load:setTitle Completed in 22ms
25 timing config:load:flatten Completed in 4ms
26 timing npm:load:display Completed in 4ms
27 verbose logfile logs-max:10 dir:/Users/GMP/.npm/_logs
28 verbose logfile /Users/GMP/.npm/_logs/2023-07-28T10_03_34_605Z-debug-0.log
29 timing npm:load:logFile Completed in 7ms
30 timing npm:load:timers Completed in 0ms
31 timing npm:load:configScope Completed in 0ms
32 timing npm:load Completed in 59ms
33 timing arborist:ctor Completed in 1ms
34 silly logfile start cleaning logs, removing 1 files
35 silly logfile done cleaning log files
36 timing idealTree:init Completed in 202ms
37 timing arborist:ctor Completed in 0ms
38 http fetch GET 200 https://registry.npmjs.org/@types%2fbcrypt 2035ms (cache miss)
39 timing idealTree:userRequests Completed in 2043ms
40 silly idealTree buildDeps
41 silly fetch manifest @types/bcrypt@5.0.0
42 silly placeDep ROOT @types/bcrypt@5.0.0 OK for:  want: 5.0.0
43 timing idealTree:#root Completed in 10ms
44 timing idealTree:node_modules/@types/bcrypt Completed in 0ms
45 timing idealTree:buildDeps Completed in 11ms
46 timing idealTree:fixDepFlags Completed in 1ms
47 timing idealTree Completed in 2261ms
48 timing reify:loadTrees Completed in 2262ms
49 timing reify:diffTrees Completed in 7ms
50 silly reify moves {}
51 timing reify:retireShallow Completed in 2ms
52 timing reify:createSparse Completed in 52ms
53 timing reify:loadBundles Completed in 0ms
54 silly audit bulk request {
54 silly audit   '@babel/helper-string-parser': [ '7.22.5' ],
54 silly audit   '@babel/helper-validator-identifier': [ '7.22.5' ],
54 silly audit   '@babel/parser': [ '7.22.5' ],
54 silly audit   '@babel/types': [ '7.22.5' ],
54 silly audit   '@jridgewell/gen-mapping': [ '0.3.3' ],
54 silly audit   '@jridgewell/resolve-uri': [ '3.1.0' ],
54 silly audit   '@jridgewell/set-array': [ '1.1.2' ],
54 silly audit   '@jridgewell/source-map': [ '0.3.3' ],
54 silly audit   '@jridgewell/sourcemap-codec': [ '1.4.14' ],
54 silly audit   '@jridgewell/trace-mapping': [ '0.3.18' ],
54 silly audit   '@popperjs/core': [ '2.11.8' ],
54 silly audit   '@types/babel__core': [ '7.20.1' ],
54 silly audit   '@types/babel__generator': [ '7.6.4' ],
54 silly audit   '@types/babel__template': [ '7.4.1' ],
54 silly audit   '@types/babel__traverse': [ '7.20.1' ],
54 silly audit   '@types/body-parser': [ '1.19.2' ],
54 silly audit   '@types/bootstrap': [ '5.2.6' ],
54 silly audit   '@types/connect': [ '3.4.35' ],
54 silly audit   '@types/core-js': [ '2.5.5' ],
54 silly audit   '@types/eslint': [ '8.44.0' ],
54 silly audit   '@types/eslint-scope': [ '3.7.4' ],
54 silly audit   '@types/estree': [ '1.0.1' ],
54 silly audit   '@types/express': [ '4.17.17' ],
54 silly audit   '@types/express-serve-static-core': [ '4.17.35' ],
54 silly audit   '@types/gh-pages': [ '3.2.1' ],
54 silly audit   '@types/http-errors': [ '2.0.1' ],
54 silly audit   '@types/jquery': [ '3.5.16' ],
54 silly audit   '@types/json-schema': [ '7.0.12' ],
54 silly audit   '@types/lodash': [ '4.14.195' ],
54 silly audit   '@types/mime': [ '1.3.2' ],
54 silly audit   '@types/minimist': [ '1.2.2' ],
54 silly audit   '@types/node': [ '20.3.1' ],
54 silly audit   '@types/nodemon': [ '1.19.2' ],
54 silly audit   '@types/prettier': [ '2.7.3' ],
54 silly audit   '@types/qs': [ '6.9.7' ],
54 silly audit   '@types/range-parser': [ '1.2.4' ],
54 silly audit   '@types/send': [ '0.17.1' ],
54 silly audit   '@types/serve-static': [ '1.15.2' ],
54 silly audit   '@types/sizzle': [ '2.3.3' ],
54 silly audit   '@types/source-list-map': [ '0.1.2' ],
54 silly audit   '@types/webpack': [ '5.28.1' ],
54 silly audit   '@types/webpack-sources': [ '3.2.0' ],
54 silly audit   '@types/ws': [ '8.5.5' ],
54 silly audit   '@webassemblyjs/ast': [ '1.11.6' ],
54 silly audit   '@webassemblyjs/floating-point-hex-parser': [ '1.11.6' ],
54 silly audit   '@webassemblyjs/helper-api-error': [ '1.11.6' ],
54 silly audit   '@webassemblyjs/helper-buffer': [ '1.11.6' ],
54 silly audit   '@webassemblyjs/helper-numbers': [ '1.11.6' ],
54 silly audit   '@webassemblyjs/helper-wasm-bytecode': [ '1.11.6' ],
54 silly audit   '@webassemblyjs/helper-wasm-section': [ '1.11.6' ],
54 silly audit   '@webassemblyjs/ieee754': [ '1.11.6' ],
54 silly audit   '@webassemblyjs/leb128': [ '1.11.6' ],
54 silly audit   '@webassemblyjs/utf8': [ '1.11.6' ],
54 silly audit   '@webassemblyjs/wasm-edit': [ '1.11.6' ],
54 silly audit   '@webassemblyjs/wasm-gen': [ '1.11.6' ],
54 silly audit   '@webassemblyjs/wasm-opt': [ '1.11.6' ],
54 silly audit   '@webassemblyjs/wasm-parser': [ '1.11.6' ],
54 silly audit   '@webassemblyjs/wast-printer': [ '1.11.6' ],
54 silly audit   '@xtuc/ieee754': [ '1.2.0' ],
54 silly audit   '@xtuc/long': [ '4.2.2' ],
54 silly audit   acorn: [ '8.9.0' ],
54 silly audit   'acorn-import-assertions': [ '1.9.0' ],
54 silly audit   ajv: [ '6.12.6' ],
54 silly audit   'ajv-keywords': [ '3.5.2' ],
54 silly audit   browserslist: [ '4.21.9' ],
54 silly audit   'buffer-from': [ '1.1.2' ],
54 silly audit   'caniuse-lite': [ '1.0.30001508' ],
54 silly audit   'chrome-trace-event': [ '1.0.3' ],
54 silly audit   commander: [ '2.20.3' ],
54 silly audit   'electron-to-chromium': [ '1.4.440' ],
54 silly audit   'enhanced-resolve': [ '5.15.0' ],
54 silly audit   'es-module-lexer': [ '1.3.0' ],
54 silly audit   escalade: [ '3.1.1' ],
54 silly audit   'eslint-scope': [ '5.1.1' ],
54 silly audit   esrecurse: [ '4.3.0' ],
54 silly audit   estraverse: [ '5.3.0', '4.3.0' ],
54 silly audit   events: [ '3.3.0' ],
54 silly audit   'fast-deep-equal': [ '3.1.3' ],
54 silly audit   'fast-json-stable-stringify': [ '2.1.0' ],
54 silly audit   'glob-to-regexp': [ '0.4.1' ],
54 silly audit   'graceful-fs': [ '4.2.11' ],
54 silly audit   'has-flag': [ '4.0.0' ],
54 silly audit   'jest-worker': [ '27.5.1' ],
54 silly audit   'json-parse-even-better-errors': [ '2.3.1' ],
54 silly audit   'json-schema-traverse': [ '0.4.1' ],
54 silly audit   'loader-runner': [ '4.3.0' ],
54 silly audit   'merge-stream': [ '2.0.0' ],
54 silly audit   'mime-db': [ '1.52.0' ],
54 silly audit   'mime-types': [ '2.1.35' ],
54 silly audit   'neo-async': [ '2.6.2' ],
54 silly audit   'node-releases': [ '2.0.12' ],
54 silly audit   picocolors: [ '1.0.0' ],
54 silly audit   punycode: [ '2.3.0' ],
54 silly audit   randombytes: [ '2.1.0' ],
54 silly audit   'safe-buffer': [ '5.2.1' ],
54 silly audit   'schema-utils': [ '3.3.0' ],
54 silly audit   'serialize-javascript': [ '6.0.1' ],
54 silly audit   'source-map': [ '0.7.4', '0.6.1' ],
54 silly audit   'source-map-support': [ '0.5.21' ],
54 silly audit   'supports-color': [ '8.1.1' ],
54 silly audit   tapable: [ '2.2.1' ],
54 silly audit   terser: [ '5.18.1' ],
54 silly audit   'terser-webpack-plugin': [ '5.3.9' ],
54 silly audit   'to-fast-properties': [ '2.0.0' ],
54 silly audit   'types-registry': [ '0.1.653' ],
54 silly audit   'update-browserslist-db': [ '1.0.11' ],
54 silly audit   'uri-js': [ '4.4.1' ],
54 silly audit   watchpack: [ '2.4.0' ],
54 silly audit   webpack: [ '5.88.0' ],
54 silly audit   'webpack-sources': [ '3.2.3' ],
54 silly audit   '@types/bcrypt': [ '5.0.0' ]
54 silly audit }
55 silly tarball no local data for @types/bcrypt@https://registry.npmjs.org/@types/bcrypt/-/bcrypt-5.0.0.tgz. Extracting by manifest.
56 http fetch POST 200 https://registry.npmjs.org/-/npm/v1/security/advisories/bulk 476ms
57 timing auditReport:getReport Completed in 486ms
58 silly audit report {}
59 timing auditReport:init Completed in 0ms
60 timing reify:audit Completed in 486ms
61 http fetch GET 200 https://registry.npmjs.org/@types/bcrypt/-/bcrypt-5.0.0.tgz 1632ms (cache miss)
62 timing reifyNode:node_modules/@types/bcrypt Completed in 1685ms
63 timing reify:unpack Completed in 1686ms
64 timing reify:unretire Completed in 0ms
65 timing build:queue Completed in 0ms
66 timing build:deps Completed in 1ms
67 timing build Completed in 1ms
68 timing reify:build Completed in 2ms
69 timing reify:trash Completed in 0ms
70 timing reify:save Completed in 106ms
71 timing reify Completed in 4155ms
72 silly ADD node_modules/@types/bcrypt
73 timing command:install Completed in 4163ms
74 verbose exit 0
75 timing npm Completed in 4797ms
76 info ok
